SPACE
SPACE
FIST_WORD: My
SPACE
REST_WORD: name
SPACE
REST_WORD: is
SPACE
REST_WORD: Le
SPACE
REST_WORD: Van
SPACE
REST_WORD: Minh
OTHER_PUNCT: ,
SPACE
SPACE
REST_WORD: I
SPACE
REST_WORD: come
SPACE
REST_WORD: frome
SPACE
REST_WORD: Thanh
SPACE
REST_WORD: Hoa
END_SEN: .
SPACE
FIST_WORD: My
SPACE
REST_WORD: username
SPACE
REST_WORD: is
SPACE
REV: $$[Minhlv]#
END_SEN: .
SPACE
SPACE
SPACE
SPACE
SPACE
SPACE
FIST_WORD: My
SPACE
RM: --[password]#
SPACE
REST_WORD: is
SPACE
CYPHER: **[critical]{32}#
END_SEN: !
SPACE
SPACE
FIST_WORD: My
SPACE
REST_WORD: school
SPACE
REST_WORD: is
SPACE
EMP: @@[HUST]#
END_SEN: ?
SPACE
SPACE
SPACE
SPACE
SPACE
SPACE
SPACE
SPACE
SPACE
SPACE
END OF MID
SPACE
SPACE
SPACE
SPACE
SPACE
SPACE
AUTHOR
SPACE
SPACE
SPACE
SPACE
SPACE
SPACE
DATE: &include(date)#
SPACE
SPACE
SPACE
SPACE
SPACE
SPACE
TIME: &include(time)#
SPACE
SPACE
